<?xml version="1.0" encoding="UTF-8"?>
<testsuite name="com.chill.mallang.MallangApplicationTests" tests="1" skipped="0" failures="0" errors="0" timestamp="2024-07-17T00:25:03" hostname="DESKTOP-MMCQPV1" time="0.406">
  <properties/>
  <testcase name="contextLoads()" classname="com.chill.mallang.MallangApplicationTests" time="0.406"/>
  <system-out><![CDATA[09:25:01.772 [Test worker] INFO org.springframework.test.context.support.AnnotationConfigContextLoaderUtils -- Could not detect default configuration classes for test class [com.chill.mallang.MallangApplicationTests]: MallangApplicationTests does not declare any static, non-private, non-final, nested classes annotated with @Configuration.
09:25:01.842 [Test worker] INFO org.springframework.boot.test.context.SpringBootTestContextBootstrapper -- Found @SpringBootConfiguration com.chill.mallang.MallangApplication for test class com.chill.mallang.MallangApplicationTests

  .   ____          _            __ _ _
 /\\ / ___'_ __ _ _(_)_ __  __ _ \ \ \ \
( ( )\___ | '_ | '_| | '_ \/ _` | \ \ \ \
 \\/  ___)| |_)| | | | | || (_| |  ) ) ) )
  '  |____| .__|_| |_|_| |_\__, | / / / /
 =========|_|==============|___/=/_/_/_/
 :: Spring Boot ::                (v3.2.7)

2024-07-17T09:25:02.110+09:00  INFO 6840 --- [mallang] [    Test worker] c.chill.mallang.MallangApplicationTests  : Starting MallangApplicationTests using Java 21.0.3 with PID 6840 (started by SSAFY in C:\Users\SSAFY\Desktop\my_back\backend\mallang)
2024-07-17T09:25:02.111+09:00  INFO 6840 --- [mallang] [    Test worker] c.chill.mallang.MallangApplicationTests  : No active profile set, falling back to 1 default profile: "default"
2024-07-17T09:25:02.551+09:00  INFO 6840 --- [mallang] [    Test worker] .s.d.r.c.RepositoryConfigurationDelegate : Bootstrapping Spring Data JPA repositories in DEFAULT mode.
2024-07-17T09:25:02.565+09:00  INFO 6840 --- [mallang] [    Test worker] .s.d.r.c.RepositoryConfigurationDelegate : Finished Spring Data repository scanning in 7 ms. Found 0 JPA repository interfaces.
2024-07-17T09:25:02.827+09:00  INFO 6840 --- [mallang] [    Test worker] com.zaxxer.hikari.HikariDataSource       : HikariPool-1 - Starting...
2024-07-17T09:25:02.889+09:00  INFO 6840 --- [mallang] [    Test worker] com.zaxxer.hikari.pool.HikariPool        : HikariPool-1 - Added connection org.mariadb.jdbc.Connection@2dafae61
2024-07-17T09:25:02.891+09:00  INFO 6840 --- [mallang] [    Test worker] com.zaxxer.hikari.HikariDataSource       : HikariPool-1 - Start completed.
2024-07-17T09:25:02.928+09:00  INFO 6840 --- [mallang] [    Test worker] o.hibernate.jpa.internal.util.LogHelper  : HHH000204: Processing PersistenceUnitInfo [name: default]
2024-07-17T09:25:02.976+09:00  INFO 6840 --- [mallang] [    Test worker] org.hibernate.Version                    : HHH000412: Hibernate ORM core version 6.4.9.Final
2024-07-17T09:25:03.002+09:00  INFO 6840 --- [mallang] [    Test worker] o.h.c.internal.RegionFactoryInitiator    : HHH000026: Second-level cache disabled
2024-07-17T09:25:03.210+09:00  INFO 6840 --- [mallang] [    Test worker] o.s.o.j.p.SpringPersistenceUnitInfo      : No LoadTimeWeaver setup: ignoring JPA class transformer
2024-07-17T09:25:03.481+09:00  INFO 6840 --- [mallang] [    Test worker] o.h.e.t.j.p.i.JtaPlatformInitiator       : HHH000489: No JTA platform available (set 'hibernate.transaction.jta.platform' to enable JTA platform integration)
2024-07-17T09:25:03.484+09:00  INFO 6840 --- [mallang] [    Test worker] j.LocalContainerEntityManagerFactoryBean : Initialized JPA EntityManagerFactory for persistence unit 'default'
2024-07-17T09:25:03.587+09:00  WARN 6840 --- [mallang] [    Test worker] JpaBaseConfiguration$JpaWebConfiguration : spring.jpa.open-in-view is enabled by default. Therefore, database queries may be performed during view rendering. Explicitly configure spring.jpa.open-in-view to disable this warning
2024-07-17T09:25:03.858+09:00  INFO 6840 --- [mallang] [    Test worker] c.chill.mallang.MallangApplicationTests  : Started MallangApplicationTests in 1.899 seconds (process running for 2.647)
]]></system-out>
  <system-err><![CDATA[WARNING: A Java agent has been loaded dynamically (C:\Users\SSAFY\.gradle\caches\modules-2\files-2.1\net.bytebuddy\byte-buddy-agent\1.14.17\e3c251a39dc90badaf71c83427ba46840f219d8d\byte-buddy-agent-1.14.17.jar)
WARNING: If a serviceability tool is in use, please run with -XX:+EnableDynamicAgentLoading to hide this warning
WARNING: If a serviceability tool is not in use, please run with -Djdk.instrument.traceUsage for more information
WARNING: Dynamic loading of agents will be disallowed by default in a future release
]]></system-err>
</testsuite>
